2025-04-24 11:39:44,730 - data_processor - INFO - 開始執行任務: cd9c44bd-a162-499a-8df1-97b5dae8f329 (basemap)
2025-04-24 11:39:45,111 - data_processor - WARNING - 找不到站點 DC2 的遮罩規則檔案
2025-04-24 11:39:46,302 - data_processor - INFO - 成功生成Basemap: D:\Database-PC\temp\map\WLPF400100\DC2\WLPF40010001.png
2025-04-24 11:39:46,416 - data_processor - WARNING - 找不到站點 DC2 的遮罩規則檔案
2025-04-24 11:39:46,841 - data_processor - INFO - 成功生成Basemap: D:\Database-PC\temp\map\WLPF400100\DC2\WLPF40010003.png
2025-04-24 11:39:46,950 - data_processor - WARNING - 找不到站點 DC2 的遮罩規則檔案
2025-04-24 11:39:47,369 - data_processor - INFO - 成功生成Basemap: D:\Database-PC\temp\map\WLPF400100\DC2\WLPF40010004.png
2025-04-24 13:15:04,611 - data_processor - INFO - 開始執行任務: aa09bb30-1266-4086-a679-b9e4b2c1d9d8 (basemap)
2025-04-24 13:15:04,962 - data_processor - WARNING - 找不到站點 MT 的遮罩規則檔案
2025-04-24 13:15:04,964 - data_processor - ERROR - 生成Basemap時發生錯誤: 'Col'
2025-04-24 13:15:05,078 - data_processor - WARNING - 找不到站點 MT 的遮罩規則檔案
2025-04-24 13:15:05,722 - data_processor - INFO - 成功生成Basemap: D:\Database-PC\temp\map\WLPF400100\MT\WLPF40010001.png
2025-04-24 13:15:05,833 - data_processor - WARNING - 找不到站點 MT 的遮罩規則檔案
2025-04-24 13:15:06,447 - data_processor - INFO - 成功生成Basemap: D:\Database-PC\temp\map\WLPF400100\MT\WLPF40010003.png
2025-04-24 13:15:06,558 - data_processor - WARNING - 找不到站點 MT 的遮罩規則檔案
2025-04-24 13:15:07,179 - data_processor - INFO - 成功生成Basemap: D:\Database-PC\temp\map\WLPF400100\MT\WLPF40010004.png
2025-04-24 13:15:07,290 - data_processor - WARNING - 找不到站點 MT 的遮罩規則檔案
2025-04-24 13:15:07,895 - data_processor - INFO - 成功生成Basemap: D:\Database-PC\temp\map\WLPF400100\MT\WLPF40010006.png
2025-04-24 13:21:28,592 - data_processor - INFO - 開始執行任務: 9b3c3515-986f-4b42-b306-806df791b35d (basemap)
2025-04-24 13:21:28,703 - data_processor - WARNING - 找不到站點 MT 的遮罩規則檔案
2025-04-24 13:21:28,704 - data_processor - ERROR - 生成Basemap時發生錯誤: 'Col'
2025-04-24 13:21:28,812 - data_processor - WARNING - 找不到站點 MT 的遮罩規則檔案
2025-04-24 13:21:29,497 - data_processor - INFO - 成功生成Basemap: D:\Database-PC\temp\map\WLPF400100\MT\WLPF40010001.png
2025-04-24 13:21:29,615 - data_processor - WARNING - 找不到站點 MT 的遮罩規則檔案
2025-04-24 13:21:30,275 - data_processor - INFO - 成功生成Basemap: D:\Database-PC\temp\map\WLPF400100\MT\WLPF40010003.png
2025-04-24 13:21:30,381 - data_processor - WARNING - 找不到站點 MT 的遮罩規則檔案
2025-04-24 13:21:31,046 - data_processor - INFO - 成功生成Basemap: D:\Database-PC\temp\map\WLPF400100\MT\WLPF40010004.png
2025-04-24 13:21:31,152 - data_processor - WARNING - 找不到站點 MT 的遮罩規則檔案
2025-04-24 13:21:31,823 - data_processor - INFO - 成功生成Basemap: D:\Database-PC\temp\map\WLPF400100\MT\WLPF40010006.png
2025-04-24 13:21:31,860 - data_processor - INFO - 任務 9b3c3515-986f-4b42-b306-806df791b35d 已完成: True - 已處理 4/25 個元件的 Basemap
2025-04-24 13:21:55,289 - data_processor - INFO - 開始執行任務: 9183bcb7-78c7-428a-88f4-aa4bf7d503a2 (lossmap)
2025-04-24 13:21:55,343 - data_processor - ERROR - 生成Lossmap時發生錯誤: 'Col'
2025-04-24 13:21:55,380 - data_processor - INFO - 任務 9183bcb7-78c7-428a-88f4-aa4bf7d503a2 已完成: False - 生成失敗: 'Col'
2025-04-24 13:22:06,617 - data_processor - INFO - 開始執行任務: cff277d8-4334-4aed-9d18-96d3c30886b7 (lossmap)
2025-04-24 13:22:07,372 - data_processor - ERROR - 生成Lossmap時發生錯誤: DataFrame 缺少 DefectType 欄位
2025-04-24 13:22:07,406 - data_processor - INFO - 任務 cff277d8-4334-4aed-9d18-96d3c30886b7 已完成: False - 生成失敗: DataFrame 缺少 DefectType 欄位
2025-04-24 13:38:16,964 - data_processor - INFO - 開始執行任務: c209f4d8-93ee-46a8-a8cc-8aed366fae8b (basemap)
2025-04-24 13:38:17,069 - data_processor - WARNING - 找不到站點 MT 的遮罩規則檔案
2025-04-24 13:38:17,443 - data_processor - INFO - 成功生成Basemap: D:\Database-PC\Cartier\map\dvt1\MT\T63B00267.png
2025-04-24 13:38:17,508 - data_processor - WARNING - 找不到站點 MT 的遮罩規則檔案
2025-04-24 13:38:17,873 - data_processor - INFO - 成功生成Basemap: D:\Database-PC\Cartier\map\dvt1\MT\T63C000001.png
2025-04-24 13:38:17,903 - data_processor - INFO - 任務 c209f4d8-93ee-46a8-a8cc-8aed366fae8b 已完成: True - 已處理 2/2 個元件的 Basemap
2025-04-24 13:39:22,142 - data_processor - INFO - 開始執行任務: 58555867-40f5-458c-8bdf-cbba6b030c5c (lossmap)
2025-04-24 13:39:22,510 - data_processor - INFO - Lossmap處理完成: 總計 1, 成功 1, 失敗 0
2025-04-24 13:39:22,542 - data_processor - INFO - 任務 58555867-40f5-458c-8bdf-cbba6b030c5c 已完成: True - 所有1個元件Lossmap已生成
2025-04-24 13:39:50,376 - data_processor - INFO - 開始執行任務: 18d62479-9711-4306-a370-2ef83cdd9b19 (fpy_parallel)
2025-04-24 13:39:51,618 - data_processor - INFO - FPY並行處理完成: 總計 1, 成功 1, 失敗 0
2025-04-24 13:39:51,648 - data_processor - INFO - 任務 18d62479-9711-4306-a370-2ef83cdd9b19 已完成: True - 所有1個元件FPY已生成
2025-04-24 14:55:30,532 - data_processor - INFO - 開始執行任務: db3a03dc-8f0a-45d5-8517-41f582fba692 (basemap)
2025-04-24 14:55:30,733 - data_processor - WARNING - 找不到站點 MT 的遮罩規則檔案
2025-04-24 14:55:31,387 - data_processor - INFO - 成功生成Basemap: D:\Database-PC\Cartier\map\dvt1\MT\T63B00267.png
2025-04-24 14:55:31,454 - data_processor - WARNING - 找不到站點 MT 的遮罩規則檔案
2025-04-24 14:55:31,830 - data_processor - INFO - 成功生成Basemap: D:\Database-PC\Cartier\map\dvt1\MT\T63C000001.png
2025-04-24 14:55:31,866 - data_processor - INFO - 任務 db3a03dc-8f0a-45d5-8517-41f582fba692 已完成: True - 已處理 2/2 個元件的 Basemap
2025-04-24 14:55:35,915 - data_processor - INFO - 開始執行任務: d31344e2-538f-4ec9-8819-b89ae51d57ca (lossmap)
2025-04-24 14:55:36,301 - data_processor - INFO - Lossmap處理完成: 總計 1, 成功 1, 失敗 0
2025-04-24 14:55:36,336 - data_processor - INFO - 任務 d31344e2-538f-4ec9-8819-b89ae51d57ca 已完成: True - 所有1個元件Lossmap已生成
2025-04-24 14:55:40,604 - data_processor - INFO - 開始執行任務: b16f6e67-21ea-4674-b9b0-ae31b2a9de12 (lossmap)
2025-04-24 14:55:40,942 - data_processor - INFO - Lossmap處理完成: 總計 1, 成功 1, 失敗 0
2025-04-24 14:55:40,977 - data_processor - INFO - 任務 b16f6e67-21ea-4674-b9b0-ae31b2a9de12 已完成: True - 所有1個元件Lossmap已生成
2025-04-24 14:55:43,509 - data_processor - INFO - 開始執行任務: a646aabf-8273-46bf-bc1d-b9aae35eb5fa (lossmap)
2025-04-24 14:55:43,879 - data_processor - WARNING - 找不到前站(INNER1)對應的元件: T63C000002
2025-04-24 14:55:43,879 - data_processor - INFO - Lossmap處理完成: 總計 2, 成功 1, 失敗 1
2025-04-24 14:55:43,915 - data_processor - INFO - 任務 a646aabf-8273-46bf-bc1d-b9aae35eb5fa 已完成: True - 部分完成: 1/2個元件Lossmap已生成
2025-04-24 14:55:47,236 - data_processor - INFO - 開始執行任務: d2cebe9d-0ff0-42b6-bda1-01d5e9b774b2 (lossmap)
2025-04-24 14:55:47,595 - data_processor - INFO - Lossmap處理完成: 總計 1, 成功 1, 失敗 0
2025-04-24 14:55:47,631 - data_processor - INFO - 任務 d2cebe9d-0ff0-42b6-bda1-01d5e9b774b2 已完成: True - 所有1個元件Lossmap已生成
2025-04-24 14:56:12,653 - data_processor - INFO - 開始執行任務: e6599e84-3da1-472a-b8ba-edd76877530a (fpy_parallel)
2025-04-24 14:56:14,141 - data_processor - INFO - FPY並行處理完成: 總計 1, 成功 1, 失敗 0
2025-04-24 14:56:14,175 - data_processor - INFO - 任務 e6599e84-3da1-472a-b8ba-edd76877530a 已完成: True - 所有1個元件FPY已生成
2025-04-24 14:58:23,562 - data_processor - INFO - 開始執行任務: e6604a6c-619f-4f1d-9cd8-ebca5929cfa5 (basemap)
2025-04-24 14:58:23,647 - data_processor - WARNING - 找不到站點 INNER1 的遮罩規則檔案
2025-04-24 14:58:24,052 - data_processor - INFO - 成功生成Basemap: D:\Database-PC\Cartier\map\dvt1\INNER1\T63B00267.png
2025-04-24 14:58:24,084 - data_processor - INFO - 任務 e6604a6c-619f-4f1d-9cd8-ebca5929cfa5 已完成: True - 已處理 1/1 個元件的 Basemap
